{"/Users/nathanbark/Desktop/Projects/Practice/merge-sort.js": {"path":"/Users/nathanbark/Desktop/Projects/Practice/merge-sort.js","statementMap":{"0":{"start":{"line":1,"column":16},"end":{"line":1,"column":55}},"1":{"start":{"line":2,"column":18},"end":{"line":2,"column":27}},"2":{"start":{"line":4,"column":2},"end":{"line":6,"column":3}},"3":{"start":{"line":5,"column":4},"end":{"line":5,"column":17}},"4":{"start":{"line":8,"column":17},"end":{"line":8,"column":29}},"5":{"start":{"line":9,"column":18},"end":{"line":9,"column":40}},"6":{"start":{"line":11,"column":19},"end":{"line":11,"column":42}},"7":{"start":{"line":12,"column":20},"end":{"line":12,"column":40}},"8":{"start":{"line":14,"column":19},"end":{"line":14,"column":38}},"9":{"start":{"line":15,"column":20},"end":{"line":15,"column":40}},"10":{"start":{"line":17,"column":2},"end":{"line":17,"column":36}},"11":{"start":{"line":22,"column":19},"end":{"line":22,"column":21}},"12":{"start":{"line":23,"column":20},"end":{"line":23,"column":21}},"13":{"start":{"line":24,"column":21},"end":{"line":24,"column":22}},"14":{"start":{"line":26,"column":4},"end":{"line":34,"column":5}},"15":{"start":{"line":27,"column":8},"end":{"line":33,"column":9}},"16":{"start":{"line":28,"column":12},"end":{"line":28,"column":43}},"17":{"start":{"line":29,"column":12},"end":{"line":29,"column":24}},"18":{"start":{"line":31,"column":12},"end":{"line":31,"column":41}},"19":{"start":{"line":32,"column":12},"end":{"line":32,"column":23}},"20":{"start":{"line":35,"column":4},"end":{"line":35,"column":72}},"21":{"start":{"line":40,"column":0},"end":{"line":40,"column":20}}},"fnMap":{"0":{"name":"mergeSort","decl":{"start":{"line":3,"column":16},"end":{"line":3,"column":25}},"loc":{"start":{"line":3,"column":33},"end":{"line":19,"column":1}},"line":3},"1":{"name":"merge","decl":{"start":{"line":21,"column":16},"end":{"line":21,"column":21}},"loc":{"start":{"line":21,"column":35},"end":{"line":38,"column":1}},"line":21}},"branchMap":{"0":{"loc":{"start":{"line":4,"column":2},"end":{"line":6,"column":3}},"type":"if","locations":[{"start":{"line":4,"column":2},"end":{"line":6,"column":3}},{"start":{},"end":{}}],"line":4},"1":{"loc":{"start":{"line":26,"column":10},"end":{"line":26,"column":62}},"type":"binary-expr","locations":[{"start":{"line":26,"column":10},"end":{"line":26,"column":33}},{"start":{"line":26,"column":37},"end":{"line":26,"column":62}}],"line":26},"2":{"loc":{"start":{"line":27,"column":8},"end":{"line":33,"column":9}},"type":"if","locations":[{"start":{"line":27,"column":8},"end":{"line":33,"column":9}},{"start":{"line":30,"column":15},"end":{"line":33,"column":9}}],"line":27}},"s":{"0":1,"1":1,"2":16,"3":10,"4":6,"5":6,"6":6,"7":6,"8":6,"9":6,"10":6,"11":7,"12":7,"13":7,"14":7,"15":13,"16":6,"17":6,"18":7,"19":7,"20":7,"21":1},"f":{"0":16,"1":7},"b":{"0":[10,6],"1":[20,16],"2":[6,7]},"_coverageSchema":"1a1c01bbd47fc00a2c39e90264f33305004495a9","hash":"fb8997254f654f4837b1291f054247f70f8fecd2"}
}
